<?xml version="1.0" encoding="UTF-8"?>
<testng-results skipped="0" failed="0" ignored="0" total="1" passed="1">
  <reporter-output>
  </reporter-output>
  <suite name="Command line suite" duration-ms="32" started-at="2020-03-14T15:54:21Z" finished-at="2020-03-14T15:54:21Z">
    <groups>
    </groups>
    <test name="Command line test" duration-ms="32" started-at="2020-03-14T15:54:21Z" finished-at="2020-03-14T15:54:21Z">
      <class name="TestNg.Com.AmerCap.AppTest">
        <test-method status="PASS" signature="testApp()[pri:0, instance:testApp(TestNg.Com.AmerCap.AppTest)]" name="testApp" duration-ms="0" started-at="2020-03-14T11:54:21Z" finished-at="2020-03-14T11:54:21Z">
          <reporter-output>
          </reporter-output>
        </test-method> <!-- testApp -->
      </class> <!-- TestNg.Com.AmerCap.AppTest -->
    </test> <!-- Command line test -->
  </suite> <!-- Command line suite -->
</testng-results>
