<?xml version="1.0" encoding="UTF-8"?>
<testng-results skipped="0" failed="0" total="1" passed="1">
  <reporter-output>
  </reporter-output>
  <suite name="Default suite" duration-ms="44" started-at="2020-04-23T12:13:23Z" finished-at="2020-04-23T12:13:23Z">
    <groups>
    </groups>
    <test name="Default test" duration-ms="44" started-at="2020-04-23T12:13:23Z" finished-at="2020-04-23T12:13:23Z">
      <class name="TestNg.Com.AmerCap.SignUp">
        <test-method status="PASS" signature="setupTest()[pri:0, instance:TestNg.Com.AmerCap.SignUp@7dc7cbad]" name="setupTest" is-config="true" duration-ms="16" started-at="2020-04-23T08:13:23Z" finished-at="2020-04-23T08:13:23Z">
          <reporter-output>
          </reporter-output>
        </test-method> <!-- setupTest -->
        <test-method status="PASS" signature="ValidatTitle()[pri:0, instance:TestNg.Com.AmerCap.SignUp@7dc7cbad]" name="ValidatTitle" duration-ms="6" started-at="2020-04-23T08:13:23Z" finished-at="2020-04-23T08:13:23Z">
          <reporter-output>
          </reporter-output>
        </test-method> <!-- ValidatTitle -->
        <test-method status="PASS" signature="AfterTest()[pri:0, instance:TestNg.Com.AmerCap.SignUp@7dc7cbad]" name="AfterTest" is-config="true" duration-ms="0" started-at="2020-04-23T08:13:23Z" finished-at="2020-04-23T08:13:23Z">
          <reporter-output>
          </reporter-output>
        </test-method> <!-- AfterTest -->
      </class> <!-- TestNg.Com.AmerCap.SignUp -->
    </test> <!-- Default test -->
  </suite> <!-- Default suite -->
</testng-results>
