<?xml version="1.0" encoding="UTF-8"?>
<testng-results skipped="0" failed="0" total="1" passed="1">
  <reporter-output>
  </reporter-output>
  <suite name="Default suite" duration-ms="10647" started-at="2020-05-04T15:48:18Z" finished-at="2020-05-04T15:48:28Z">
    <groups>
    </groups>
    <test name="Default test" duration-ms="10647" started-at="2020-05-04T15:48:18Z" finished-at="2020-05-04T15:48:28Z">
      <class name="TestNg.Com.AmerCap.SignUp">
        <test-method status="PASS" signature="setupTest()[pri:0, instance:TestNg.Com.AmerCap.SignUp@6d8a00e3]" name="setupTest" is-config="true" duration-ms="10624" started-at="2020-05-04T11:48:18Z" finished-at="2020-05-04T11:48:28Z">
          <reporter-output>
          </reporter-output>
        </test-method> <!-- setupTest -->
        <test-method status="PASS" signature="ValidatTitle()[pri:0, instance:TestNg.Com.AmerCap.SignUp@6d8a00e3]" name="ValidatTitle" duration-ms="7" started-at="2020-05-04T11:48:28Z" finished-at="2020-05-04T11:48:28Z">
          <reporter-output>
          </reporter-output>
        </test-method> <!-- ValidatTitle -->
        <test-method status="PASS" signature="AfterTest()[pri:0, instance:TestNg.Com.AmerCap.SignUp@6d8a00e3]" name="AfterTest" is-config="true" duration-ms="0" started-at="2020-05-04T11:48:28Z" finished-at="2020-05-04T11:48:28Z">
          <reporter-output>
          </reporter-output>
        </test-method> <!-- AfterTest -->
      </class> <!-- TestNg.Com.AmerCap.SignUp -->
    </test> <!-- Default test -->
  </suite> <!-- Default suite -->
</testng-results>
